Determining if the pthread_create exist failed with the following output:
Change Dir: /home/joakimfj/Documents/TensorRt/Hello_World/CMakeFiles/CMakeTmp

Run Build Command:"/usr/bin/make" "cmTC_141ae/fast"
/usr/bin/make -f CMakeFiles/cmTC_141ae.dir/build.make CMakeFiles/cmTC_141ae.dir/build
make[1]: Entering directory '/home/joakimfj/Documents/TensorRt/Hello_World/CMakeFiles/CMakeTmp'
Building C object CMakeFiles/cmTC_141ae.dir/CheckSymbolExists.c.o
/usr/bin/cc   -fPIC    -o CMakeFiles/cmTC_141ae.dir/CheckSymbolExists.c.o   -c /home/joakimfj/Documents/TensorRt/Hello_World/CMakeFiles/CMakeTmp/CheckSymbolExists.c
Linking C executable cmTC_141ae
/usr/bin/cmake -E cmake_link_script CMakeFiles/cmTC_141ae.dir/link.txt --verbose=1
/usr/bin/cc -fPIC     CMakeFiles/cmTC_141ae.dir/CheckSymbolExists.c.o  -o cmTC_141ae 
CMakeFiles/cmTC_141ae.dir/CheckSymbolExists.c.o: In function `main':
CheckSymbolExists.c:(.text+0x14): undefined reference to `pthread_create'
CheckSymbolExists.c:(.text+0x18): undefined reference to `pthread_create'
collect2: error: ld returned 1 exit status
CMakeFiles/cmTC_141ae.dir/build.make:97: recipe for target 'cmTC_141ae' failed
make[1]: *** [cmTC_141ae] Error 1
make[1]: Leaving directory '/home/joakimfj/Documents/TensorRt/Hello_World/CMakeFiles/CMakeTmp'
Makefile:126: recipe for target 'cmTC_141ae/fast' failed
make: *** [cmTC_141ae/fast] Error 2

File /home/joakimfj/Documents/TensorRt/Hello_World/CMakeFiles/CMakeTmp/CheckSymbolExists.c:
/* */
#include <pthread.h>

int main(int argc, char** argv)
{
  (void)argv;
#ifndef pthread_create
  return ((int*)(&pthread_create))[argc];
#else
  (void)argc;
  return 0;
#endif
}

Determining if the function pthread_create exists in the pthreads failed with the following output:
Change Dir: /home/joakimfj/Documents/TensorRt/Hello_World/CMakeFiles/CMakeTmp

Run Build Command:"/usr/bin/make" "cmTC_47733/fast"
/usr/bin/make -f CMakeFiles/cmTC_47733.dir/build.make CMakeFiles/cmTC_47733.dir/build
make[1]: Entering directory '/home/joakimfj/Documents/TensorRt/Hello_World/CMakeFiles/CMakeTmp'
Building C object CMakeFiles/cmTC_47733.dir/CheckFunctionExists.c.o
/usr/bin/cc   -fPIC -DCHECK_FUNCTION_EXISTS=pthread_create   -o CMakeFiles/cmTC_47733.dir/CheckFunctionExists.c.o   -c /usr/share/cmake-3.10/Modules/CheckFunctionExists.c
Linking C executable cmTC_47733
/usr/bin/cmake -E cmake_link_script CMakeFiles/cmTC_47733.dir/link.txt --verbose=1
/usr/bin/cc -fPIC -DCHECK_FUNCTION_EXISTS=pthread_create    CMakeFiles/cmTC_47733.dir/CheckFunctionExists.c.o  -o cmTC_47733 -lpthreads 
/usr/bin/ld: cannot find -lpthreads
collect2: error: ld returned 1 exit status
CMakeFiles/cmTC_47733.dir/build.make:97: recipe for target 'cmTC_47733' failed
make[1]: *** [cmTC_47733] Error 1
make[1]: Leaving directory '/home/joakimfj/Documents/TensorRt/Hello_World/CMakeFiles/CMakeTmp'
Makefile:126: recipe for target 'cmTC_47733/fast' failed
make: *** [cmTC_47733/fast] Error 2


